{
    "result": [
        {
            "input": {
                "type_of_report": "ОН0001",
                "url": "http://unro.minjust.ru/Reports/110388301.pdf"
            },
            "output": [
                {
                    "egrul_date_of_inclusion": "31.12.1997",
                    "ogrn": "1027739093513",
                    "inn": "7710044277",
                    "kpp": "770801001",
                    "report_year": 2020,
                    "report_name": "Отчет о деятельности некоммерческой организации и персональном составе ее руководящих органов за 2020 г.",
                    "report_recipient": "В Главное управление Минюста России по Москве (Минюст России (территориальный орган Минюста России)",
                    "company_name": "Общеобразовательная организация частное учреждение \"Московский лицей \"Ступени\"",
                    "address": "107078, г.Москва, Скорняжный пер.., д.3. стр.2",
                    "okved_description": [
                        "обрапзование"
                    ],
                    "business_activities": [
                        "продажа товаров. выполнение работ, оказание услуг"
                    ],
                    "sources_forming_property": [
                        "Целевые поступления от российских физических лиц",
                        "Целевые поступления от российских коммерческих организаций",
                        "Средства федерального бюджета, бюджетов субъектов Российской Федерации, бюджетов муниципальных образований",
                        "Доходы от предпринимательской деятельности"
                    ],
                    "Управление деятельностью": [
                        {
                            "type_of_governing_authority": "Высший орган управления",
                            "authority_name": "Общее собрание собственников",
                            "meetings_frequency": "не реже 2 раз в год",
                            "meetings_held": 2
                        },
                        {
                            "authority_name": "Директор",
                            "type_of_governing_body": "единоличный",
                            "meetings_frequency": ""
                        }
                    ],
                    "Подпись": {
                        "authority_name": "",
                        "full_name_of_signer": "Кононова Марина Михайловна",
                        "position": "Директор",
                        "sign_date": "15.07.2021"
                    },
                    "Состав руководящих органов": [
                        {
                            "fullname": "Дегтев Сергей Васильевич",
                            "birthday_string": "",
                            "citizenship": "",
                            "identity_document_data": "",
                            "address": "",
                            "position": "Общее собрание Учредителей от ..г."
                        },
                        {
                            "fullname": "Кононова Марина Михайловна",
                            "birthday_string": "",
                            "citizenship": "",
                            "identity_document_data": "",
                            "address": "",
                            "position": "Директор; Общее собрание Учредителей от ..г."
                        },
                        {
                            "fullname": "Тихомирова Татьяна Юрьевна",
                            "birthday_string": "",
                            "citizenship": "",
                            "identity_document_data": "",
                            "address": "",
                            "position": "Зам.директора по общим вопросам; Общее собрание Учредителей от ..г."
                        }
                    ]
                }
            ]
        }
    ],
    "raw_output": {}
}