{
    "result": [
        {
            "input": {
                "type_of_report": "ОН0001",
                "url": "http://unro.minjust.ru/Reports/110391501.pdf"
            },
            "output": [
                {
                    "egrul_date_of_inclusion": "19.09.2016",
                    "ogrn": "1169600002780",
                    "inn": "6686085119",
                    "kpp": "668601001",
                    "report_year": 2020,
                    "report_name": "Отчет о деятельности некоммерческой организации и персональном составе ее руководящих органов за 2020 г.",
                    "report_recipient": "В Главное управление Минюста России по Свердловской области (Минюст России (территориальный орган Минюста России)",
                    "company_name": "Автономная некоммерческая организация Военно-патриотический клуб \"Уральские Медведи\"",
                    "address": "620039, Свердловская область, г.Екатеринбург, ул.Машиностроителей, д.63, кв.4",
                    "okved_description": [
                        "93.12 Деятельность спортивных клубов"
                    ],
                    "business_activities": [],
                    "sources_forming_property": [],
                    "Управление деятельностью": [
                        {
                            "type_of_governing_authority": "Высший орган управления",
                            "authority_name": "Собрание учредителей",
                            "meetings_frequency": "По мере необходимости, но не реже  одного раза в год.",
                            "meetings_held": "Одно"
                        },
                        {
                            "authority_name": "",
                            "meetings_frequency": ""
                        }
                    ],
                    "Подпись": {
                        "authority_name": "Собрание учредителей",
                        "full_name_of_signer": "Зинкин Григорий Анатольевич",
                        "position": "директор",
                        "sign_date": "15.11.2021"
                    },
                    "Состав руководящих органов": [
                        {
                            "fullname": "Зинкин Григорий Анатольевич",
                            "birthday_string": "",
                            "citizenship": "",
                            "identity_document_data": "",
                            "address": "",
                            "position": "Директор, протокол М учредительного собрания от ..г."
                        },
                        {
                            "fullname": "Тимонина Виталика Сергеевна",
                            "birthday_string": "",
                            "citizenship": "",
                            "identity_document_data": "",
                            "address": "",
                            "position": "учредитель"
                        }
                    ]
                }
            ]
        }
    ],
    "raw_output": {}
}