{
    "result": [
        {
            "input": {
                "type_of_report": "ОН0001",
                "url": "http://unro.minjust.ru/Reports/110431401.pdf"
            },
            "output": [
                {
                    "egrul_date_of_inclusion": "29.05.2013",
                    "ogrn": "1137799011140",
                    "inn": "7730185318",
                    "kpp": "773001001",
                    "report_year": 2020,
                    "report_name": "Отчет о деятельности некоммерческой организации и персональном составе ее руководящих органов за 2020 г.",
                    "report_recipient": "В Главное управление Минюста России по Москве (Минюст России (территориальный орган Минюста России)",
                    "company_name": "НЕКОММЕРЧЕСКОЕ ПАРТНЕРСТВО ПО УПРАВЛЕНИЮ ПОСЕЛКОМ \"ОЛЬХОВКА\"",
                    "address": "121087, Москва Город, улица Барклая, 6, стр. 5",
                    "okved_description": [
                        "Создание благоприятной экологической установки, надлежащих условий для ведения хозяйства",
                        "Содействие членам Партнерства в эксплуатации поселка",
                        "Приобретение и доставка в интересах членов партнерства посадочного материала, инвентаря, строительных материалов. удобрений. ядохимикатов. других необходимых товаров",
                        "Создание и развитие инженерно-технической и социально-бытовой базы Партнерства, имущественных и иных объектов",
                        "Организация ремонта и содержание инженерных сетей. дорог и других объектов общего пользования",
                        "Обеспечение рабочего состояния системы водоснабжения, электроснабжения, коммуникаций, сигнализации, канализации, их аварийный и текущий ремонт"
                    ],
                    "business_activities": [],
                    "sources_forming_property": [
                        "ДА"
                    ],
                    "Управление деятельностью": [
                        {
                            "type_of_governing_authority": "Высший орган управления",
                            "authority_name": "Общее собрание членов партнерства",
                            "meetings_frequency": "не реже одного раза в год",
                            "meetings_held": 1
                        },
                        {
                            "authority_name": "Председатель партнерства",
                            "type_of_governing_body": "единоличный",
                            "meetings_frequency": ""
                        }
                    ],
                    "Подпись": {
                        "authority_name": "Общее собрание членов партнерства",
                        "full_name_of_signer": "Дорган Валерий Викторович",
                        "position": "Председатель партнерства",
                        "sign_date": "21.03.2021"
                    },
                    "Состав руководящих органов": [
                        {
                            "fullname": "Власов Владимир Николаевич",
                            "birthday_string": "",
                            "citizenship": "",
                            "identity_document_data": "",
                            "address": "",
                            "position": "Участник общего собрания"
                        },
                        {
                            "fullname": "Медведева Оксана Николаевна",
                            "birthday_string": "",
                            "citizenship": "",
                            "identity_document_data": "",
                            "address": "",
                            "position": "Участник общего собрания"
                        },
                        {
                            "fullname": "Урманов Игорь Александрович",
                            "birthday_string": "",
                            "citizenship": "",
                            "identity_document_data": "",
                            "address": "",
                            "position": "Участник общего собрания"
                        }
                    ]
                }
            ]
        }
    ],
    "raw_output": {}
}