{
    "result": [
        {
            "input": {
                "type_of_report": "ОН0001",
                "url": "http://unro.minjust.ru/Reports/110423401.pdf"
            },
            "output": [
                {
                    "egrul_date_of_inclusion": "19.09.2017",
                    "ogrn": "1177700014887",
                    "inn": "9710036142",
                    "kpp": "771001001",
                    "report_year": 2020,
                    "report_name": "Отчет о деятельности некоммерческой организации и персональном составе ее руководящих органов за 2020 г.",
                    "report_recipient": "В Главное Управление Минюста России по Москве (Минюст России (территориальный орган Минюста России)",
                    "company_name": "Международный союз неправительственных организаций \"Ассамблея народов Евразии\"",
                    "address": "125009 Москва Малый Гнездниковский переулок д.12 стр.4",
                    "okved_description": [
                        "Изучение общественного мнения",
                        "Деятельность по организации конференций и выставок",
                        "Деятельность в сфере связей с общественностью"
                    ],
                    "business_activities": [],
                    "sources_forming_property": [
                        "Членские взносы (1)",
                        "Целевые поступления от иностранных физических ЛИЦ И ЛИЦ без Гражданства",
                        "Целевые поступления от российских коммерческих организаций",
                        "Целевые поступления от российских некоммерческих организаций",
                        "Гранты",
                        "Доходы от предпринимательской деятельности"
                    ],
                    "Управление деятельностью": [
                        {
                            "type_of_governing_authority": "Высший орган управления",
                            "authority_name": "Общее собрание членов Ассамблеи",
                            "meetings_frequency": "Один раз в четыре года",
                            "meetings_held": ""
                        },
                        {
                            "type_of_governing_body": "коллегиальный",
                            "meetings_frequency": "Один раз в год"
                        },
                        {
                            "type_of_governing_body": "единоличный",
                            "meetings_frequency": ""
                        },
                        {
                            "authority_name": "Генеральный секретарь",
                            "type_of_governing_body": "единоличный",
                            "meetings_frequency": ""
                        }
                    ],
                    "Подпись": {
                        "authority_name": "Генеральный секретарь Ассамблеи",
                        "full_name_of_signer": "Смирнова Светлана Константиновна",
                        "position": "Руководитель  Генерального секретариата",
                        "sign_date": "02.04.2021"
                    },
                    "Состав руководящих органов": [
                        {
                            "fullname": "Бельянинов Андрей Юрьевич",
                            "birthday_string": "",
                            "citizenship": "",
                            "identity_document_data": "",
                            "address": "",
                            "position": "Генеральный секретарь Ассамблеи народов Евразии, решение Учредительного собрания, протокол от"
                        }
                    ]
                }
            ]
        }
    ],
    "raw_output": {}
}